2020-09-07 18:16:19,795 - __main__ - DEBUG - This message should go to the log file
2020-09-07 18:16:19,795 - __main__ - INFO - So should this
2020-09-07 18:16:19,795 - __main__ - WARNING - And this, too
2020-09-07 18:16:27,969 - __main__ - DEBUG - This message should go to the log file
2020-09-07 18:16:27,969 - __main__ - INFO - So should this
2020-09-07 18:16:27,970 - __main__ - WARNING - And this, too
2020-09-07 18:18:44,667 - __main__ - DEBUG - This message should go to the log file
2020-09-07 18:18:44,667 - __main__ - INFO - So should this
2020-09-07 18:18:44,667 - __main__ - WARNING - And this, too
2020-09-07 18:18:44,667 - __main__ - DEBUG - Attempting to connect to c3:14:a9:3e:8f:77
2020-09-07 18:22:21,161 - __main__ - DEBUG - This message should go to the log file
2020-09-07 18:22:21,161 - __main__ - INFO - So should this
2020-09-07 18:22:21,161 - __main__ - WARNING - And this, too
2020-09-07 18:22:21,161 - __main__ - DEBUG - Attempt 1 to connect to c3:14:a9:3e:8f:77
2020-09-07 18:22:33,761 - __main__ - DEBUG - This message should go to the log file
2020-09-07 18:22:33,761 - __main__ - INFO - So should this
2020-09-07 18:22:33,761 - __main__ - WARNING - And this, too
2020-09-07 18:22:33,761 - __main__ - DEBUG - Attempt 1 to connect to c3:14:a9:3e:8f:77
2020-09-07 18:30:49,457 - __main__ - DEBUG - Attempt 1 to connect to c3:14:a9:3e:8f:77
2020-09-07 18:30:58,736 - __main__ - DEBUG - Connection established
2020-09-07 18:31:33,011 - __main__ - WARNING - Disconnected from device, attemping to reconnect
2020-09-07 18:36:06,301 - __main__ - DEBUG - Attempt 1 to connect to c3:14:a9:3e:8f:77
2020-09-07 18:36:13,894 - __main__ - DEBUG - Connection established
2020-09-07 18:36:37,927 - __main__ - WARNING - Disconnected from device, attemping to reconnect
2020-09-07 18:37:11,490 - __main__ - DEBUG - Attempt 1 to connect to c3:14:a9:3e:8f:77
2020-09-07 18:37:16,845 - __main__ - DEBUG - Connection established
2020-09-07 18:37:37,799 - __main__ - WARNING - Disconnected from device, attemping to reconnect
2020-09-07 18:37:37,799 - __main__ - DEBUG - Attempt 1 to connect to c3:14:a9:3e:8f:77
2020-09-07 18:44:30,932 - __main__ - DEBUG - Attempt 1 to connect to c3:14:a9:3e:8f:77
2020-09-07 18:44:39,971 - __main__ - DEBUG - Connection established
2020-09-07 18:45:20,618 - __main__ - DEBUG - Attempt 1 to connect to c3:14:a9:3e:8f:77
2020-09-07 18:45:44,070 - __main__ - DEBUG - Attempt 1 to connect to c3:14:a9:3e:8f:77
2020-09-07 18:46:32,070 - __main__ - DEBUG - Attempt 1 to connect to c3:14:a9:3e:8f:77
2020-09-07 18:46:40,356 - __main__ - DEBUG - Connection established
2020-09-07 18:46:53,871 - __main__ - WARNING - Disconnected from device, attemping to reconnect
2020-09-07 18:46:53,871 - __main__ - DEBUG - Attempt 1 to connect to c3:14:a9:3e:8f:77
2020-09-07 18:48:15,714 - __main__ - DEBUG - Attempt 1 to connect to c3:14:a9:3e:8f:77
2020-09-07 18:48:15,958 - __main__ - DEBUG - Connection established
2020-09-07 18:48:39,874 - __main__ - WARNING - Disconnected from device, attemping to reconnect
2020-09-07 18:48:39,875 - __main__ - DEBUG - Attempt 1 to connect to c3:14:a9:3e:8f:77
2020-09-07 18:49:35,967 - __main__ - DEBUG - Attempt 1 to connect to c3:14:a9:3e:8f:77
2020-09-07 18:49:36,059 - __main__ - DEBUG - Connection with c3:14:a9:3e:8f:77 established
2020-09-07 18:49:45,773 - __main__ - WARNING - Disconnected from device, attemping to reconnect
2020-09-07 18:49:45,773 - __main__ - DEBUG - Attempt 1 to connect to c3:14:a9:3e:8f:77
2020-09-07 18:49:54,960 - __main__ - DEBUG - Connection with c3:14:a9:3e:8f:77 established
2020-09-07 18:51:52,184 - __main__ - DEBUG - Attempt 1 to connect to c3:14:a9:3e:8f:77
2020-09-07 18:51:52,188 - __main__ - DEBUG - Connection with c3:14:a9:3e:8f:77 established
2020-09-07 18:51:54,902 - __main__ - DEBUG - 90 - note: 15, velocity: 0a
2020-09-07 18:51:55,102 - __main__ - DEBUG - address: 01000309, data: 0000, cmd: 12
2020-09-07 18:51:56,382 - __main__ - DEBUG - 90 - note: 1c, velocity: 26
2020-09-07 18:51:56,542 - __main__ - DEBUG - 90 - note: 15, velocity: 09
2020-09-07 18:51:56,542 - __main__ - DEBUG - 90 - note: 17, velocity: 0b
2020-09-07 18:51:56,582 - __main__ - DEBUG - 80 - note: 17, velocity: 35
2020-09-07 18:51:56,621 - __main__ - DEBUG - 80 - note: 15, velocity: 56
2020-09-07 18:51:56,622 - __main__ - DEBUG - 80 - note: 1c, velocity: 4b
2020-09-07 18:51:57,422 - __main__ - DEBUG - 90 - note: 18, velocity: 14
2020-09-07 18:51:57,542 - __main__ - DEBUG - 80 - note: 18, velocity: 5c
2020-09-07 18:52:10,884 - __main__ - DEBUG - 90 - note: 17, velocity: 2e
2020-09-07 18:52:10,942 - __main__ - DEBUG - 90 - note: 18, velocity: 19
2020-09-07 18:52:10,942 - __main__ - DEBUG - 80 - note: 17, velocity: 53
2020-09-07 18:52:11,222 - __main__ - DEBUG - 80 - note: 18, velocity: 61
2020-09-07 18:52:11,222 - __main__ - DEBUG - 90 - note: 1a, velocity: 14
2020-09-07 18:52:11,342 - __main__ - DEBUG - 80 - note: 1a, velocity: 52
2020-09-07 18:52:35,463 - __main__ - DEBUG - Attempt 1 to connect to c3:14:a9:3e:8f:77
2020-09-07 18:52:35,466 - __main__ - DEBUG - Connection with c3:14:a9:3e:8f:77 established
2020-09-07 18:52:39,863 - __main__ - DEBUG - address: 01000309, data: 0000, cmd: 12
2020-09-07 18:52:41,023 - __main__ - DEBUG - address: 01000309, data: 0000, cmd: 12
2020-09-07 18:52:41,103 - __main__ - DEBUG - address: 01000213, data: 4b, cmd: 12
2020-09-07 18:52:41,263 - __main__ - DEBUG - address: 01000213, data: 4b, cmd: 12
2020-09-07 18:52:41,423 - __main__ - DEBUG - address: 01000213, data: 4b, cmd: 12
2020-09-07 18:52:42,543 - __main__ - DEBUG - address: 01000309, data: 0000, cmd: 12
2020-09-07 18:52:43,543 - __main__ - DEBUG - 90 - note: 1a, velocity: 02
2020-09-07 18:52:43,543 - __main__ - DEBUG - 90 - note: 1c, velocity: 14
2020-09-07 18:52:43,624 - __main__ - DEBUG - 80 - note: 1c, velocity: 60
2020-09-07 18:52:43,663 - __main__ - DEBUG - 80 - note: 1a, velocity: 4e
2020-09-07 18:52:43,823 - __main__ - DEBUG - address: 01000309, data: 0000, cmd: 12
2020-09-07 18:52:43,983 - __main__ - DEBUG - address: 01000309, data: 0000, cmd: 12
2020-09-07 18:52:44,103 - __main__ - DEBUG - address: 01000309, data: 0000, cmd: 12
2020-09-07 18:52:44,183 - __main__ - DEBUG - address: 01000213, data: 4b, cmd: 12
2020-09-07 18:52:44,383 - __main__ - DEBUG - address: 01000213, data: 4b, cmd: 12
2020-09-07 18:52:44,503 - __main__ - DEBUG - address: 01000309, data: 0000, cmd: 12
2020-09-07 18:52:44,583 - __main__ - DEBUG - address: 01000213, data: 4b, cmd: 12
2020-09-07 18:52:44,743 - __main__ - DEBUG - address: 01000213, data: 4b, cmd: 12
2020-09-07 18:52:45,823 - __main__ - DEBUG - address: 01000309, data: 0000, cmd: 12
2020-09-07 18:52:45,903 - __main__ - DEBUG - address: 01000213, data: 4b, cmd: 12
2020-09-07 18:52:45,983 - __main__ - DEBUG - address: 01000309, data: 0000, cmd: 12
2020-09-07 18:52:46,183 - __main__ - DEBUG - address: 01000309, data: 0000, cmd: 12
2020-09-07 18:52:46,263 - __main__ - DEBUG - address: 01000213, data: 4b, cmd: 12
2020-09-07 18:52:47,343 - __main__ - DEBUG - address: 01000309, data: 0000, cmd: 12
2020-09-07 18:52:47,463 - __main__ - DEBUG - address: 01000213, data: 4b, cmd: 12
2020-09-07 18:52:47,543 - __main__ - DEBUG - address: 01000309, data: 0000, cmd: 12
2020-09-07 18:52:47,743 - __main__ - DEBUG - address: 01000309, data: 0000, cmd: 12
2020-09-07 18:52:47,823 - __main__ - DEBUG - address: 01000213, data: 4b, cmd: 12
2020-09-07 18:52:47,904 - __main__ - DEBUG - address: 01000309, data: 0000, cmd: 12
2020-09-07 18:52:48,063 - __main__ - DEBUG - address: 01000213, data: 4b, cmd: 12
2020-09-07 18:52:48,223 - __main__ - DEBUG - address: 01000309, data: 0000, cmd: 12
2020-09-07 18:52:48,303 - __main__ - DEBUG - address: 01000309, data: 0000, cmd: 12
2020-09-07 18:52:48,463 - __main__ - DEBUG - address: 01000309, data: 0000, cmd: 12
2020-09-07 18:52:48,543 - __main__ - DEBUG - address: 01000213, data: 4b, cmd: 12
2020-09-07 18:52:48,703 - __main__ - DEBUG - address: 01000309, data: 0000, cmd: 12
2020-09-07 18:52:48,783 - __main__ - DEBUG - address: 01000309, data: 0000, cmd: 12
2020-09-07 18:52:48,943 - __main__ - DEBUG - address: 01000309, data: 0000, cmd: 12
2020-09-07 18:52:49,063 - __main__ - DEBUG - address: 01000309, data: 0000, cmd: 12
2020-09-07 18:52:49,223 - __main__ - DEBUG - address: 01000213, data: 4b, cmd: 12
2020-09-07 18:52:49,303 - __main__ - DEBUG - address: 01000309, data: 0000, cmd: 12
2020-09-07 18:52:49,463 - __main__ - DEBUG - address: 01000213, data: 4b, cmd: 12
2020-09-07 18:52:49,623 - __main__ - DEBUG - address: 01000213, data: 4b, cmd: 12
2020-09-07 18:52:49,783 - __main__ - DEBUG - address: 01000309, data: 0000, cmd: 12
2020-09-07 18:52:49,863 - __main__ - DEBUG - address: 01000309, data: 0000, cmd: 12
2020-09-07 18:52:49,943 - __main__ - DEBUG - address: 01000213, data: 4b, cmd: 12
2020-09-07 18:52:50,103 - __main__ - DEBUG - address: 01000309, data: 0000, cmd: 12
2020-09-07 18:52:50,343 - __main__ - DEBUG - address: 01000213, data: 4b, cmd: 12
2020-09-07 18:52:50,343 - __main__ - DEBUG - address: 01000309, data: 0000, cmd: 12
2020-09-07 18:52:51,503 - __main__ - DEBUG - address: 01000309, data: 0000, cmd: 12
2020-09-07 18:52:51,663 - __main__ - DEBUG - address: 01000309, data: 0000, cmd: 12
2020-09-07 18:52:51,783 - __main__ - DEBUG - address: 01000213, data: 4b, cmd: 12
2020-09-07 18:52:51,863 - __main__ - DEBUG - address: 01000309, data: 0000, cmd: 12
2020-09-07 18:52:52,263 - __main__ - DEBUG - address: 01000309, data: 0000, cmd: 12
2020-09-07 18:52:52,463 - __main__ - DEBUG - address: 01000309, data: 0000, cmd: 12
2020-09-07 18:52:52,543 - __main__ - DEBUG - address: 01000213, data: 4b, cmd: 12
2020-09-07 18:52:52,623 - __main__ - DEBUG - address: 01000309, data: 0000, cmd: 12
2020-09-07 18:52:52,783 - __main__ - DEBUG - address: 01000213, data: 4b, cmd: 12
2020-09-07 18:52:52,943 - __main__ - DEBUG - address: 01000213, data: 4b, cmd: 12
2020-09-07 18:52:53,023 - __main__ - DEBUG - address: 01000309, data: 0000, cmd: 12
2020-09-07 18:52:53,183 - __main__ - DEBUG - address: 01000213, data: 4b, cmd: 12
2020-09-07 18:52:53,263 - __main__ - DEBUG - address: 01000309, data: 0000, cmd: 12
2020-09-07 18:52:53,423 - __main__ - DEBUG - address: 01000309, data: 0000, cmd: 12
2020-09-07 18:52:53,663 - __main__ - DEBUG - address: 01000309, data: 0000, cmd: 12
2020-09-07 18:52:53,663 - __main__ - DEBUG - address: 01000213, data: 4b, cmd: 12
2020-09-07 18:52:53,863 - __main__ - DEBUG - address: 01000213, data: 4b, cmd: 12
2020-09-07 18:52:54,943 - __main__ - DEBUG - address: 01000309, data: 0000, cmd: 12
2020-09-07 18:52:55,103 - __main__ - DEBUG - address: 01000309, data: 0000, cmd: 12
2020-09-07 18:52:55,183 - __main__ - DEBUG - address: 01000213, data: 4b, cmd: 12
2020-09-07 18:52:55,343 - __main__ - DEBUG - address: 01000309, data: 0000, cmd: 12
2020-09-07 18:52:55,503 - __main__ - DEBUG - address: 01000213, data: 4b, cmd: 12
2020-09-07 18:52:56,583 - __main__ - DEBUG - address: 01000309, data: 0000, cmd: 12
2020-09-07 18:52:56,663 - __main__ - DEBUG - address: 01000213, data: 4b, cmd: 12
2020-09-07 18:52:56,743 - __main__ - DEBUG - address: 01000309, data: 0000, cmd: 12
2020-09-07 18:52:57,023 - __main__ - DEBUG - address: 01000309, data: 0000, cmd: 12
2020-09-07 18:52:57,023 - __main__ - DEBUG - address: 01000213, data: 4b, cmd: 12
2020-09-07 18:52:57,103 - __main__ - DEBUG - address: 01000309, data: 0000, cmd: 12
2020-09-07 18:52:58,263 - __main__ - DEBUG - address: 01000309, data: 0000, cmd: 12
2020-09-07 18:52:58,423 - __main__ - DEBUG - address: 01000309, data: 0000, cmd: 12
2020-09-07 18:52:58,583 - __main__ - DEBUG - address: 01000309, data: 0000, cmd: 12
2020-09-07 18:52:58,703 - __main__ - DEBUG - address: 01000309, data: 0000, cmd: 12
2020-09-07 18:52:58,783 - __main__ - DEBUG - address: 01000213, data: 4b, cmd: 12
2020-09-07 18:52:59,863 - __main__ - DEBUG - address: 01000309, data: 0000, cmd: 12
2020-09-07 18:52:59,943 - __main__ - DEBUG - address: 01000213, data: 4b, cmd: 12
2020-09-07 18:53:00,103 - __main__ - DEBUG - address: 01000309, data: 0000, cmd: 12
2020-09-07 18:53:00,183 - __main__ - DEBUG - address: 01000213, data: 4b, cmd: 12
2020-09-07 18:53:00,383 - __main__ - DEBUG - address: 01000213, data: 4b, cmd: 12
2020-09-07 18:53:00,463 - __main__ - DEBUG - address: 01000309, data: 0000, cmd: 12
2020-09-07 18:53:00,663 - __main__ - DEBUG - address: 01000309, data: 0000, cmd: 12
2020-09-07 18:53:00,743 - __main__ - DEBUG - address: 01000213, data: 4b, cmd: 12
2020-09-07 18:53:00,863 - __main__ - DEBUG - address: 01000309, data: 0000, cmd: 12
2020-09-07 18:53:01,023 - __main__ - DEBUG - address: 01000309, data: 0000, cmd: 12
2020-09-07 18:53:01,103 - __main__ - DEBUG - address: 01000309, data: 0000, cmd: 12
2020-09-07 18:53:01,263 - __main__ - DEBUG - address: 01000309, data: 0000, cmd: 12
2020-09-07 18:53:01,343 - __main__ - DEBUG - address: 01000309, data: 0000, cmd: 12
2020-09-07 18:53:01,543 - __main__ - DEBUG - address: 01000309, data: 0000, cmd: 12
2020-09-07 18:53:01,623 - __main__ - DEBUG - address: 01000213, data: 4b, cmd: 12
2020-09-07 18:53:01,863 - __main__ - DEBUG - address: 01000309, data: 0000, cmd: 12
2020-09-07 18:53:02,103 - __main__ - DEBUG - address: 01000213, data: 4b, cmd: 12
2020-09-07 18:53:02,103 - __main__ - DEBUG - address: 01000309, data: 0000, cmd: 12
2020-09-07 18:53:02,263 - __main__ - DEBUG - address: 01000309, data: 0000, cmd: 12
2020-09-07 18:53:02,423 - __main__ - DEBUG - address: 01000309, data: 0000, cmd: 12
2020-09-07 18:53:02,503 - __main__ - DEBUG - address: 01000309, data: 0000, cmd: 12
2020-09-07 18:53:02,663 - __main__ - DEBUG - address: 01000213, data: 4b, cmd: 12
2020-09-07 18:53:02,743 - __main__ - DEBUG - address: 01000309, data: 0000, cmd: 12
2020-09-07 18:53:02,903 - __main__ - DEBUG - address: 01000309, data: 0000, cmd: 12
2020-09-07 18:53:03,063 - __main__ - DEBUG - address: 01000213, data: 4b, cmd: 12
2020-09-07 18:53:03,143 - __main__ - DEBUG - address: 01000309, data: 0000, cmd: 12
2020-09-07 18:53:03,223 - __main__ - DEBUG - address: 01000309, data: 0000739ce9f041100000002812010002134b, cmd: 12
2020-09-07 18:53:03,303 - __main__ - DEBUG - address: 01000309, data: 0000, cmd: 12
2020-09-07 18:53:03,383 - __main__ - DEBUG - address: 01000309, data: 0000, cmd: 12
2020-09-07 18:53:03,583 - __main__ - DEBUG - address: 01000309, data: 0000, cmd: 12
2020-09-07 18:53:03,663 - __main__ - DEBUG - address: 01000213, data: 4b, cmd: 12
2020-09-07 18:53:03,823 - __main__ - DEBUG - address: 01000213, data: 4b, cmd: 12
2020-09-07 18:53:03,903 - __main__ - DEBUG - address: 01000309, data: 0000, cmd: 12
2020-09-07 18:53:04,064 - __main__ - DEBUG - address: 01000309, data: 0000, cmd: 12
2020-09-07 18:53:04,144 - __main__ - DEBUG - address: 01000309, data: 0000, cmd: 12
2020-09-07 18:53:04,304 - __main__ - DEBUG - address: 01000213, data: 4b, cmd: 12
2020-09-07 18:53:04,423 - __main__ - DEBUG - address: 01000309, data: 0000, cmd: 12
2020-09-07 18:53:04,543 - __main__ - DEBUG - address: 01000309, data: 0000, cmd: 12
2020-09-07 18:53:04,663 - __main__ - DEBUG - address: 01000309, data: 0000, cmd: 12
2020-09-07 18:53:04,784 - __main__ - DEBUG - address: 01000213, data: 4b, cmd: 12
2020-09-07 18:53:05,064 - __main__ - DEBUG - address: 01000309, data: 0000, cmd: 12
2020-09-07 18:53:05,183 - __main__ - DEBUG - address: 01000309, data: 0000, cmd: 12
2020-09-07 18:53:05,304 - __main__ - DEBUG - address: 01000309, data: 0000, cmd: 12
2020-09-07 18:53:05,423 - __main__ - DEBUG - address: 01000213, data: 4b, cmd: 12
2020-09-07 18:53:05,743 - __main__ - DEBUG - address: 01000309, data: 0000, cmd: 12
2020-09-07 18:53:05,823 - __main__ - DEBUG - address: 01000309, data: 0000, cmd: 12
2020-09-07 18:53:05,983 - __main__ - DEBUG - address: 01000309, data: 0000, cmd: 12
2020-09-07 18:53:06,063 - __main__ - DEBUG - address: 01000309, data: 0000, cmd: 12
2020-09-07 18:53:06,303 - __main__ - DEBUG - address: 01000309, data: 0000, cmd: 12
2020-09-07 18:53:06,383 - __main__ - DEBUG - address: 01000309, data: 0000, cmd: 12
2020-09-07 18:53:06,503 - __main__ - DEBUG - address: 01000213, data: 4b, cmd: 12
2020-09-07 18:53:07,583 - __main__ - DEBUG - address: 01000309, data: 0000, cmd: 12
2020-09-07 18:53:07,663 - __main__ - DEBUG - address: 01000213, data: 4b, cmd: 12
2020-09-07 18:53:07,743 - __main__ - DEBUG - address: 01000309, data: 0000, cmd: 12
2020-09-07 18:53:07,903 - __main__ - DEBUG - address: 01000309, data: 0000, cmd: 12
2020-09-07 18:53:08,023 - __main__ - DEBUG - address: 01000309, data: 0000, cmd: 12
2020-09-07 18:53:08,263 - __main__ - DEBUG - address: 01000309, data: 0000, cmd: 12
2020-09-07 18:53:08,423 - __main__ - DEBUG - address: 01000213, data: 4b, cmd: 12
2020-09-07 18:53:08,543 - __main__ - DEBUG - address: 01000309, data: 0000, cmd: 12
2020-09-07 18:53:08,623 - __main__ - DEBUG - address: 01000213, data: 4b, cmd: 12
2020-09-07 18:53:08,784 - __main__ - DEBUG - address: 01000213, data: 4b, cmd: 12
2020-09-07 18:53:08,943 - __main__ - DEBUG - address: 01000309, data: 0000, cmd: 12
2020-09-07 18:53:09,023 - __main__ - DEBUG - address: 01000309, data: 0000, cmd: 12
2020-09-07 18:53:09,223 - __main__ - DEBUG - address: 01000309, data: 0000, cmd: 12
2020-09-07 18:53:09,303 - __main__ - DEBUG - address: 01000213, data: 4b, cmd: 12
2020-09-07 18:53:09,543 - __main__ - DEBUG - address: 01000309, data: 0000, cmd: 12
2020-09-07 18:53:09,703 - __main__ - DEBUG - address: 01000309, data: 0000, cmd: 12
2020-09-07 18:53:09,783 - __main__ - DEBUG - address: 01000309, data: 0000, cmd: 12
2020-09-07 18:53:09,943 - __main__ - DEBUG - address: 01000309, data: 0000, cmd: 12
2020-09-07 18:53:10,065 - __main__ - DEBUG - address: 01000213, data: 4b, cmd: 12
2020-09-07 18:53:10,183 - __main__ - DEBUG - address: 01000213, data: 4b, cmd: 12
2020-09-07 18:53:10,305 - __main__ - DEBUG - address: 01000213, data: 4b, cmd: 12
2020-09-07 18:53:10,423 - __main__ - DEBUG - address: 01000309, data: 0000, cmd: 12
2020-09-07 18:53:10,543 - __main__ - DEBUG - address: 01000213, data: 4b, cmd: 12
2020-09-07 18:53:10,824 - __main__ - DEBUG - address: 01000309, data: 0000, cmd: 12
2020-09-07 18:53:10,983 - __main__ - DEBUG - address: 01000309, data: 0000, cmd: 12
2020-09-07 18:53:11,063 - __main__ - DEBUG - address: 01000309, data: 0000, cmd: 12
2020-09-07 18:53:11,223 - __main__ - DEBUG - address: 01000309, data: 0000, cmd: 12
2020-09-07 18:53:11,503 - __main__ - DEBUG - address: 01000309, data: 0000, cmd: 12
2020-09-07 18:53:11,583 - __main__ - DEBUG - address: 01000309, data: 0000, cmd: 12
2020-09-07 18:53:11,743 - __main__ - DEBUG - address: 01000309, data: 0000, cmd: 12
2020-09-07 18:53:11,823 - __main__ - DEBUG - address: 01000309, data: 0000, cmd: 12
2020-09-07 18:53:11,983 - __main__ - DEBUG - address: 01000309, data: 0000, cmd: 12
2020-09-07 18:53:12,143 - __main__ - DEBUG - address: 01000213, data: 4b, cmd: 12
2020-09-07 18:53:12,223 - __main__ - DEBUG - address: 01000309, data: 0000, cmd: 12
2020-09-07 18:53:12,463 - __main__ - DEBUG - address: 01000309, data: 0000, cmd: 12
2020-09-07 18:53:12,463 - __main__ - DEBUG - address: 01000213, data: 4b, cmd: 12
2020-09-07 18:53:12,623 - __main__ - DEBUG - address: 01000213, data: 4b, cmd: 12
2020-09-07 18:53:12,783 - __main__ - DEBUG - address: 01000309, data: 0000, cmd: 12
2020-09-07 18:53:12,863 - __main__ - DEBUG - address: 01000309, data: 0000, cmd: 12
2020-09-07 18:53:13,023 - __main__ - DEBUG - address: 01000309, data: 0000, cmd: 12
2020-09-07 18:53:13,104 - __main__ - DEBUG - address: 01000309, data: 0000, cmd: 12
2020-09-07 18:53:13,263 - __main__ - DEBUG - address: 01000309, data: 0000, cmd: 12
2020-09-07 18:53:13,423 - __main__ - DEBUG - address: 01000309, data: 0000, cmd: 12
2020-09-07 18:53:13,503 - __main__ - DEBUG - address: 01000309, data: 0000, cmd: 12
2020-09-07 18:53:13,623 - __main__ - DEBUG - address: 01000309, data: 0000, cmd: 12
2020-09-07 18:53:13,783 - __main__ - DEBUG - address: 01000309, data: 0000, cmd: 12
2020-09-07 18:53:13,943 - __main__ - DEBUG - address: 01000213, data: 4b, cmd: 12
2020-09-07 18:53:14,023 - __main__ - DEBUG - address: 01000309, data: 0000, cmd: 12
2020-09-07 18:53:14,183 - __main__ - DEBUG - address: 01000309, data: 0000, cmd: 12
2020-09-07 18:53:14,263 - __main__ - DEBUG - address: 01000213, data: 4b, cmd: 12
2020-09-07 18:53:14,423 - __main__ - DEBUG - address: 01000309, data: 0000, cmd: 12
2020-09-07 18:53:14,663 - __main__ - DEBUG - address: 01000309, data: 0000, cmd: 12
2020-09-07 18:53:14,663 - __main__ - DEBUG - address: 01000213, data: 4b, cmd: 12
2020-09-07 18:53:14,823 - __main__ - DEBUG - address: 01000213, data: 4b, cmd: 12
2020-09-07 18:53:14,903 - __main__ - DEBUG - address: 01000309, data: 0000, cmd: 12
2020-09-07 18:53:15,023 - __main__ - DEBUG - address: 01000309, data: 0000, cmd: 12
2020-09-07 18:53:15,183 - __main__ - DEBUG - address: 01000213, data: 4b, cmd: 12
2020-09-07 18:53:15,343 - __main__ - DEBUG - address: 01000309, data: 0000, cmd: 12
2020-09-07 18:53:15,423 - __main__ - DEBUG - address: 01000309, data: 0000, cmd: 12
2020-09-07 18:53:15,583 - __main__ - DEBUG - address: 01000309, data: 0000, cmd: 12
2020-09-07 18:53:15,743 - __main__ - DEBUG - address: 01000213, data: 4b, cmd: 12
2020-09-07 18:53:15,823 - __main__ - DEBUG - address: 01000309, data: 0000, cmd: 12
2020-09-07 18:53:15,983 - __main__ - DEBUG - address: 01000309, data: 0000, cmd: 12
2020-09-07 18:53:16,063 - __main__ - DEBUG - address: 01000213, data: 4b, cmd: 12
2020-09-07 18:53:16,223 - __main__ - DEBUG - address: 01000309, data: 0000, cmd: 12
2020-09-07 18:53:16,303 - __main__ - DEBUG - address: 01000309, data: 0000, cmd: 12
2020-09-07 18:53:16,463 - __main__ - DEBUG - address: 01000309, data: 0000, cmd: 12
2020-09-07 18:53:16,623 - __main__ - DEBUG - address: 01000309, data: 0000, cmd: 12
2020-09-07 18:53:16,703 - __main__ - DEBUG - address: 01000213, data: 4b, cmd: 12
2020-09-07 18:53:16,863 - __main__ - DEBUG - address: 01000213, data: 4b, cmd: 12
2020-09-07 18:53:16,943 - __main__ - DEBUG - address: 01000309, data: 0000, cmd: 12
2020-09-07 18:53:17,143 - __main__ - DEBUG - address: 01000309, data: 0000, cmd: 12
2020-09-07 18:53:17,223 - __main__ - DEBUG - address: 01000309, data: 0000, cmd: 12
2020-09-07 18:53:17,384 - __main__ - DEBUG - address: 01000309, data: 0000, cmd: 12
2020-09-07 18:53:17,463 - __main__ - DEBUG - address: 01000309, data: 0000, cmd: 12
2020-09-07 18:53:17,623 - __main__ - DEBUG - address: 01000309, data: 0000, cmd: 12
2020-09-07 18:53:17,864 - __main__ - DEBUG - address: 01000309, data: 0000, cmd: 12
2020-09-07 18:53:17,984 - __main__ - DEBUG - address: 01000213, data: 4b, cmd: 12
2020-09-07 18:53:18,103 - __main__ - DEBUG - address: 01000213, data: 4b, cmd: 12
2020-09-07 18:53:18,263 - __main__ - DEBUG - address: 01000309, data: 0000, cmd: 12
2020-09-07 18:53:18,503 - __main__ - DEBUG - address: 01000309, data: 0000, cmd: 12
2020-09-07 18:53:18,663 - __main__ - DEBUG - address: 01000309, data: 0000, cmd: 12
2020-09-07 18:53:18,743 - __main__ - DEBUG - address: 01000213, data: 4b, cmd: 12
2020-09-07 18:53:18,903 - __main__ - DEBUG - address: 01000309, data: 0000, cmd: 12
2020-09-07 18:53:19,063 - __main__ - DEBUG - address: 01000213, data: 4b, cmd: 12
2020-09-07 18:53:19,143 - __main__ - DEBUG - address: 01000309, data: 0000, cmd: 12
2020-09-07 18:53:19,303 - __main__ - DEBUG - address: 01000213, data: 4b, cmd: 12
2020-09-07 18:53:19,383 - __main__ - DEBUG - address: 01000309, data: 0000, cmd: 12
2020-09-07 18:53:19,583 - __main__ - DEBUG - address: 01000213, data: 4b, cmd: 12
2020-09-07 18:53:19,663 - __main__ - DEBUG - address: 01000309, data: 0000, cmd: 12
2020-09-07 18:53:19,903 - __main__ - DEBUG - address: 01000309, data: 0000, cmd: 12
2020-09-07 18:53:19,903 - __main__ - DEBUG - address: 01000213, data: 4b, cmd: 12
2020-09-07 18:53:20,064 - __main__ - DEBUG - address: 01000213, data: 4b, cmd: 12
2020-09-07 18:53:20,143 - __main__ - DEBUG - address: 01000309, data: 0000, cmd: 12
2020-09-07 18:53:20,303 - __main__ - DEBUG - address: 01000309, data: 0000, cmd: 12
2020-09-07 18:53:20,463 - __main__ - DEBUG - address: 01000213, data: 4b, cmd: 12
2020-09-07 18:53:20,543 - __main__ - DEBUG - address: 01000309, data: 0000, cmd: 12
2020-09-07 18:53:20,703 - __main__ - DEBUG - address: 01000309, data: 0000, cmd: 12
2020-09-07 18:53:20,783 - __main__ - DEBUG - address: 01000213, data: 4b, cmd: 12
2020-09-07 18:53:20,943 - __main__ - DEBUG - address: 01000213, data: 4b, cmd: 12
2020-09-07 18:53:21,103 - __main__ - DEBUG - address: 01000213, data: 4b, cmd: 12
2020-09-07 18:53:21,263 - __main__ - DEBUG - address: 01000309, data: 0000, cmd: 12
2020-09-07 18:53:21,343 - __main__ - DEBUG - address: 01000309, data: 0000, cmd: 12
2020-09-07 18:53:21,503 - __main__ - DEBUG - address: 01000213, data: 4b, cmd: 12
2020-09-07 18:53:21,583 - __main__ - DEBUG - address: 01000213, data: 4b, cmd: 12
2020-09-07 18:53:22,863 - __main__ - DEBUG - address: 01000309, data: 0000, cmd: 12
2020-09-07 18:53:23,023 - __main__ - DEBUG - address: 01000309, data: 0000, cmd: 12
2020-09-07 18:53:23,103 - __main__ - DEBUG - address: 01000309, data: 0000, cmd: 12
2020-09-07 18:53:24,263 - __main__ - DEBUG - address: 01000309, data: 0000, cmd: 12
2020-09-07 18:53:24,423 - __main__ - DEBUG - address: 01000309, data: 0000, cmd: 12
2020-09-07 18:53:24,503 - __main__ - DEBUG - address: 01000213, data: 4b, cmd: 12
2020-09-07 18:53:24,664 - __main__ - DEBUG - address: 01000213, data: 4b, cmd: 12
2020-09-07 18:53:24,823 - __main__ - DEBUG - address: 01000309, data: 0000, cmd: 12
2020-09-07 18:53:24,943 - __main__ - DEBUG - address: 01000309, data: 0000, cmd: 12
2020-09-07 18:53:25,063 - __main__ - DEBUG - address: 01000309, data: 0000, cmd: 12
2020-09-07 18:53:25,143 - __main__ - DEBUG - address: 01000213, data: 4b, cmd: 12
2020-09-07 18:53:25,304 - __main__ - DEBUG - address: 01000213, data: 4b, cmd: 12
2020-09-07 18:53:25,383 - __main__ - DEBUG - address: 01000213, data: 4b, cmd: 12
2020-09-07 18:53:25,463 - __main__ - DEBUG - address: 01000213, data: 4b, cmd: 12
2020-09-07 18:53:26,703 - __main__ - DEBUG - address: 01000309, data: 0000, cmd: 12
2020-09-07 18:53:26,863 - __main__ - DEBUG - address: 01000309, data: 0000, cmd: 12
2020-09-07 18:53:26,943 - __main__ - DEBUG - address: 01000213, data: 4b, cmd: 12
2020-09-07 18:53:27,103 - __main__ - DEBUG - address: 01000213, data: 4b, cmd: 12
2020-09-07 18:53:27,263 - __main__ - DEBUG - address: 01000309, data: 0000, cmd: 12
2020-09-07 18:53:27,344 - __main__ - DEBUG - address: 01000309, data: 0000, cmd: 12
2020-09-07 18:53:27,543 - __main__ - DEBUG - address: 01000213, data: 4b, cmd: 12
2020-09-07 18:53:27,703 - __main__ - DEBUG - address: 01000309, data: 0000, cmd: 12
2020-09-07 18:53:27,704 - __main__ - DEBUG - address: 01000213, data: 4b, cmd: 12
2020-09-07 18:53:27,823 - __main__ - DEBUG - address: 01000213, data: 4b1f89fcf041100000002812010003090000, cmd: 12
2020-09-07 18:53:27,903 - __main__ - DEBUG - address: 01000213, data: 4b, cmd: 12
2020-09-07 18:53:27,983 - __main__ - DEBUG - address: 01000309, data: 0000, cmd: 12
2020-09-07 18:53:28,143 - __main__ - DEBUG - address: 01000309, data: 0000, cmd: 12
2020-09-07 18:53:28,223 - __main__ - DEBUG - address: 01000309, data: 0000, cmd: 12
2020-09-07 18:53:28,383 - __main__ - DEBUG - address: 01000309, data: 0000, cmd: 12
2020-09-07 18:53:28,503 - __main__ - DEBUG - address: 01000309, data: 0000, cmd: 12
2020-09-07 18:53:28,583 - __main__ - DEBUG - address: 01000309, data: 0000, cmd: 12
2020-09-07 18:53:28,743 - __main__ - DEBUG - address: 01000309, data: 0000, cmd: 12
2020-09-07 18:53:28,823 - __main__ - DEBUG - address: 01000213, data: 4b, cmd: 12
2020-09-07 18:53:28,903 - __main__ - DEBUG - address: 01000309, data: 0000, cmd: 12
2020-09-07 18:53:28,983 - __main__ - DEBUG - address: 01000213, data: 4b, cmd: 12
2020-09-07 18:53:29,143 - __main__ - DEBUG - address: 01000213, data: 4b, cmd: 12
2020-09-07 18:53:29,223 - __main__ - DEBUG - address: 01000213, data: 4b, cmd: 12
2020-09-07 18:53:29,303 - __main__ - DEBUG - address: 01000213, data: 4b, cmd: 12
2020-09-07 18:53:30,543 - __main__ - DEBUG - address: 01000309, data: 0000, cmd: 12
2020-09-07 18:53:30,743 - __main__ - DEBUG - address: 01000309, data: 0000, cmd: 12
2020-09-07 18:53:30,823 - __main__ - DEBUG - address: 01000213, data: 4b, cmd: 12
2020-09-07 18:53:30,904 - __main__ - DEBUG - address: 01000309, data: 0000, cmd: 12
2020-09-07 18:53:31,103 - __main__ - DEBUG - address: 01000309, data: 0000, cmd: 12
2020-09-07 18:53:31,183 - __main__ - DEBUG - address: 01000213, data: 4b, cmd: 12
2020-09-07 18:53:31,304 - __main__ - DEBUG - address: 01000309, data: 0000, cmd: 12
2020-09-07 18:53:31,463 - __main__ - DEBUG - address: 01000213, data: 4b, cmd: 12
2020-09-07 18:53:31,543 - __main__ - DEBUG - address: 01000309, data: 0000, cmd: 12
2020-09-07 18:53:31,783 - __main__ - DEBUG - address: 01000309, data: 0000, cmd: 12
2020-09-07 18:53:31,823 - __main__ - DEBUG - address: 01000213, data: 4b, cmd: 12
2020-09-07 18:53:32,023 - __main__ - DEBUG - address: 01000309, data: 0000, cmd: 12
2020-09-07 18:53:32,104 - __main__ - DEBUG - address: 01000213, data: 4b, cmd: 12
2020-09-07 18:53:32,183 - __main__ - DEBUG - address: 01000309, data: 0000, cmd: 12
2020-09-07 18:53:32,343 - __main__ - DEBUG - address: 01000309, data: 0000, cmd: 12
2020-09-07 18:53:32,504 - __main__ - DEBUG - address: 01000309, data: 0000, cmd: 12
2020-09-07 18:53:32,583 - __main__ - DEBUG - address: 01000213, data: 4b, cmd: 12
2020-09-07 18:53:32,663 - __main__ - DEBUG - address: 01000213, data: 4b1f99ecf041100000002812010003090000, cmd: 12
2020-09-07 18:53:32,743 - __main__ - DEBUG - address: 01000309, data: 0000, cmd: 12
2020-09-07 18:53:32,823 - __main__ - DEBUG - address: 01000213, data: 4b, cmd: 12
2020-09-07 18:53:33,903 - __main__ - DEBUG - address: 01000309, data: 0000, cmd: 12
2020-09-07 18:53:33,983 - __main__ - DEBUG - address: 01000213, data: 4b, cmd: 12
2020-09-07 18:53:34,144 - __main__ - DEBUG - address: 01000213, data: 4b, cmd: 12
2020-09-07 18:53:34,223 - __main__ - DEBUG - address: 01000309, data: 0000, cmd: 12
2020-09-07 18:53:34,424 - __main__ - DEBUG - address: 01000309, data: 0000, cmd: 12
2020-09-07 18:53:34,543 - __main__ - DEBUG - address: 01000309, data: 0000, cmd: 12
2020-09-07 18:53:34,624 - __main__ - DEBUG - address: 01000213, data: 4b, cmd: 12
2020-09-07 18:53:34,744 - __main__ - DEBUG - address: 01000213, data: 4b, cmd: 12
2020-09-07 18:53:34,866 - __main__ - DEBUG - address: 01000309, data: 0000, cmd: 12
2020-09-07 18:53:35,144 - __main__ - DEBUG - address: 01000309, data: 0000, cmd: 12
2020-09-07 18:53:35,304 - __main__ - DEBUG - address: 01000213, data: 4b, cmd: 12
2020-09-07 18:53:35,423 - __main__ - DEBUG - address: 01000213, data: 4b, cmd: 12
2020-09-07 18:53:35,544 - __main__ - DEBUG - address: 01000309, data: 0000, cmd: 12
2020-09-07 18:53:35,625 - __main__ - DEBUG - address: 01000309, data: 0000, cmd: 12
2020-09-07 18:53:35,786 - __main__ - DEBUG - address: 01000309, data: 0000, cmd: 12
2020-09-07 18:53:35,905 - __main__ - DEBUG - address: 01000309, data: 0000, cmd: 12
2020-09-07 18:53:36,024 - __main__ - DEBUG - address: 01000213, data: 4b, cmd: 12
2020-09-07 18:53:36,183 - __main__ - DEBUG - address: 01000213, data: 4b, cmd: 12
2020-09-07 18:53:36,343 - __main__ - DEBUG - address: 01000213, data: 4b, cmd: 12
2020-09-07 18:53:36,424 - __main__ - DEBUG - address: 01000309, data: 0000, cmd: 12
2020-09-07 18:53:36,544 - __main__ - DEBUG - address: 01000309, data: 0000, cmd: 12
2020-09-07 18:53:36,664 - __main__ - DEBUG - address: 01000213, data: 4b, cmd: 12
2020-09-07 18:53:36,784 - __main__ - DEBUG - address: 01000213, data: 4b, cmd: 12
2020-09-07 18:53:36,943 - __main__ - DEBUG - address: 01000213, data: 4b, cmd: 12
2020-09-07 18:53:37,104 - __main__ - DEBUG - address: 01000213, data: 4b, cmd: 12
2020-09-07 18:53:37,264 - __main__ - DEBUG - address: 01000309, data: 0000, cmd: 12
2020-09-07 18:53:37,304 - __main__ - DEBUG - address: 01000309, data: 0000, cmd: 12
2020-09-07 18:53:37,384 - __main__ - DEBUG - address: 01000309, data: 0000738e2812010002134b1f91b4f04110000000281201000309000073b6b7f041100000002812010002134b1fb9dcf041100000002812010003090000, cmd: 12
2020-09-07 18:53:37,424 - __main__ - DEBUG - address: 01000309, data: 0000, cmd: 12
2020-09-07 18:53:37,703 - __main__ - DEBUG - address: 01000213, data: 4b, cmd: 12
2020-09-07 18:53:37,903 - __main__ - DEBUG - address: 01000309, data: 0000, cmd: 12
2020-09-07 18:53:37,945 - __main__ - DEBUG - address: 01000213, data: 4b, cmd: 12
2020-09-07 18:53:38,104 - __main__ - DEBUG - address: 01000213, data: 4b, cmd: 12
2020-09-07 18:53:38,223 - __main__ - DEBUG - address: 01000213, data: 4b, cmd: 12
2020-09-07 18:53:38,544 - __main__ - DEBUG - address: 01000309, data: 0000, cmd: 12
2020-09-07 18:53:38,584 - __main__ - DEBUG - address: 01000309, data: 0000, cmd: 12
2020-09-07 18:53:38,823 - __main__ - DEBUG - address: 01000309, data: 0000, cmd: 12
2020-09-07 18:53:38,865 - __main__ - DEBUG - address: 01000309, data: 0000, cmd: 12
2020-09-07 18:53:38,985 - __main__ - DEBUG - address: 01000213, data: 4b, cmd: 12
2020-09-07 18:53:39,103 - __main__ - DEBUG - address: 01000213, data: 4b, cmd: 12
2020-09-07 18:53:39,303 - __main__ - DEBUG - address: 01000213, data: 4b, cmd: 12
2020-09-07 18:53:39,383 - __main__ - DEBUG - address: 01000213, data: 4b, cmd: 12
2020-09-07 18:53:39,464 - __main__ - DEBUG - address: 01000213, data: 4b, cmd: 12
2020-09-07 18:53:39,466 - __main__ - DEBUG - address: 01000213, data: 4b1f84000000281201000309000073880000002812010002134b, cmd: 12
2020-09-07 18:53:39,663 - __main__ - DEBUG - address: 01000309, data: 0000, cmd: 12
2020-09-07 18:53:39,745 - __main__ - DEBUG - address: 01000213, data: 4b, cmd: 12
2020-09-07 18:53:39,906 - __main__ - DEBUG - address: 01000309, data: 0000, cmd: 12
2020-09-07 18:53:39,984 - __main__ - DEBUG - address: 01000309, data: 0000, cmd: 12
2020-09-07 18:53:40,144 - __main__ - DEBUG - address: 01000213, data: 4b, cmd: 12
2020-09-07 18:53:40,227 - __main__ - DEBUG - address: 01000309, data: 0000, cmd: 12
2020-09-07 18:53:40,423 - __main__ - DEBUG - address: 01000213, data: 4b, cmd: 12
2020-09-07 18:53:40,584 - __main__ - DEBUG - address: 01000309, data: 0000, cmd: 12
2020-09-07 18:53:40,624 - __main__ - DEBUG - address: 01000309, data: 0000, cmd: 12
2020-09-07 18:53:40,825 - __main__ - DEBUG - address: 01000213, data: 4b, cmd: 12
2020-09-07 18:53:41,024 - __main__ - DEBUG - address: 01000309, data: 0000, cmd: 12
2020-09-07 18:53:41,146 - __main__ - DEBUG - address: 01000309, data: 0000, cmd: 12
2020-09-07 18:53:41,264 - __main__ - DEBUG - address: 01000213, data: 4b, cmd: 12
2020-09-07 18:53:41,464 - __main__ - DEBUG - address: 01000309, data: 0000, cmd: 12
2020-09-07 18:53:41,783 - __main__ - DEBUG - address: 01000213, data: 4b, cmd: 12
2020-09-07 18:53:41,786 - __main__ - DEBUG - address: 01000309, data: 0000, cmd: 12
2020-09-07 18:53:41,945 - __main__ - DEBUG - address: 01000309, data: 0000, cmd: 12
2020-09-07 18:53:42,064 - __main__ - DEBUG - address: 01000213, data: 4b, cmd: 12
2020-09-07 18:53:42,146 - __main__ - DEBUG - address: 01000213, data: 4b, cmd: 12
2020-09-07 18:54:45,517 - __main__ - INFO - Attempt 1 to connect to c3:14:a9:3e:8f:77
2020-09-07 18:54:45,522 - __main__ - INFO - Connection with c3:14:a9:3e:8f:77 established
